#
# There is insufficient memory for the Java Runtime Environment to continue.
# Native memory allocation (malloc) failed to allocate 979456 bytes for Chunk::new
# Possible reasons:
#   The system is out of physical RAM or swap space
#   In 32 bit mode, the process size limit was hit
# Possible solutions:
#   Reduce memory load on the system
#   Increase physical memory or swap space
#   Check if swap backing store is full
#   Use 64 bit Java on a 64 bit OS
#   Decrease Java heap size (-Xmx/-Xms)
#   Decrease number of Java threads
#   Decrease Java thread stack sizes (-Xss)
#   Set larger code cache with -XX:ReservedCodeCacheSize=
# This output file may be truncated or incomplete.
#
#  Out of Memory Error (allocation.cpp:390), pid=3880, tid=0x0000000000003dcc
#
# JRE version: OpenJDK Runtime Environment (8.0_152-b01) (build 1.8.0_152-release-915-b01)
# Java VM: OpenJDK 64-Bit Server VM (25.152-b01 mixed mode windows-amd64 compressed oops)
# Failed to write core dump. Minidumps are not enabled by default on client versions of Windows
#

---------------  T H R E A D  ---------------

Current thread (0x00000000189eb800):  JavaThread "C2 CompilerThread0" daemon [_thread_in_native, id=15820, stack(0x000000001a150000,0x000000001a250000)]

Stack: [0x000000001a150000,0x000000001a250000]
[error occurred during error reporting (printing stack bounds), id 0xc0000005]

Native frames: (J=compiled Java code, j=interpreted, Vv=VM code, C=native code)


Current CompileTask:
C2: 839325 21585       4       com.android.tools.r8.ir.conversion.IRBuilder::addInstruction (358 bytes)


---------------  P R O C E S S  ---------------

Java Threads: ( => current thread )
  0x000000001c173000 JavaThread "pool-21-thread-2" [_thread_blocked, id=4908, stack(0x000000003a3d0000,0x000000003a4d0000)]
  0x000000001c175800 JavaThread "pool-21-thread-1" [_thread_in_Java, id=10744, stack(0x000000003a2d0000,0x000000003a3d0000)]
  0x000000001c16b000 JavaThread "pool-20-thread-2" [_thread_blocked, id=4676, stack(0x000000003a1d0000,0x000000003a2d0000)]
  0x000000001c03e800 JavaThread "pool-20-thread-1" [_thread_blocked, id=13656, stack(0x000000003a0d0000,0x000000003a1d0000)]
  0x000000001c03d800 JavaThread "pool-19-thread-2" [_thread_in_Java, id=17724, stack(0x0000000039fd0000,0x000000003a0d0000)]
  0x000000001c042000 JavaThread "pool-19-thread-1" [_thread_blocked, id=1848, stack(0x0000000039ed0000,0x0000000039fd0000)]
  0x000000001c177000 JavaThread "pool-16-thread-2" [_thread_blocked, id=9432, stack(0x00000000398d0000,0x00000000399d0000)]
  0x000000001c176000 JavaThread "pool-16-thread-1" [_thread_blocked, id=10192, stack(0x00000000396d0000,0x00000000397d0000)]
  0x000000001c16f800 JavaThread "ForkJoinPool.commonPool-worker-2" daemon [_thread_blocked, id=13076, stack(0x00000000393d0000,0x00000000394d0000)]
  0x000000001c16e000 JavaThread "ForkJoinPool.commonPool-worker-1" daemon [_thread_in_native, id=18940, stack(0x00000000392d0000,0x00000000393d0000)]
  0x000000001c16d000 JavaThread "ForkJoinPool.commonPool-worker-0" daemon [_thread_blocked, id=13928, stack(0x00000000391d0000,0x00000000392d0000)]
  0x000000001c171000 JavaThread "ForkJoinPool.commonPool-worker-3" daemon [_thread_blocked, id=8720, stack(0x00000000390d0000,0x00000000391d0000)]
  0x000000001c16c800 JavaThread "Cache worker for Java compile cache (E:\AndroidStudioProjects\JSONDemo\.gradle\4.4\javaCompile)" [_thread_blocked, id=3144, stack(0x0000000038fd0000,0x00000000390d0000)]
  0x000000001edba800 JavaThread "Task worker for ':' Thread 3" [_thread_blocked, id=16080, stack(0x0000000038ed0000,0x0000000038fd0000)]
  0x000000001edbe000 JavaThread "Task worker for ':' Thread 2" [_thread_blocked, id=6368, stack(0x0000000038dd0000,0x0000000038ed0000)]
  0x000000001edbc800 JavaThread "Task worker for ':'" [_thread_blocked, id=12360, stack(0x0000000038cd0000,0x0000000038dd0000)]
  0x000000001edb9800 JavaThread "Cache worker for Build Output Cleanup Cache (E:\AndroidStudioProjects\JSONDemo\.gradle\buildOutputCleanup)" [_thread_blocked, id=10616, stack(0x0000000038bd0000,0x0000000038cd0000)]
  0x000000001edbb000 JavaThread "Cache worker for task history cache (E:\AndroidStudioProjects\JSONDemo\.gradle\4.4\taskHistory)" [_thread_blocked, id=8912, stack(0x0000000038ad0000,0x0000000038bd0000)]
  0x000000001edbf000 JavaThread "Cache worker for file content cache (E:\AndroidStudioProjects\JSONDemo\.gradle\4.4\fileContent)" [_thread_blocked, id=13316, stack(0x00000000389d0000,0x0000000038ad0000)]
  0x000000001edb4800 JavaThread "build operations Thread 4" [_thread_blocked, id=17016, stack(0x00000000388d0000,0x00000000389d0000)]
  0x000000001edb9000 JavaThread "build operations Thread 3" [_thread_blocked, id=14980, stack(0x00000000387d0000,0x00000000388d0000)]
  0x000000001edb1800 JavaThread "build operations Thread 2" [_thread_blocked, id=17164, stack(0x00000000386d0000,0x00000000387d0000)]
  0x000000001edb6800 JavaThread "build operations" [_thread_blocked, id=9472, stack(0x00000000385d0000,0x00000000386d0000)]
  0x000000001edb3800 JavaThread "Cache worker for Artifact transforms cache (C:\Users\Marty\.gradle\caches\transforms-1)" [_thread_blocked, id=5772, stack(0x00000000384d0000,0x00000000385d0000)]
  0x000000001edb3000 JavaThread "Cache worker for file hash cache (E:\AndroidStudioProjects\JSONDemo\.gradle\4.4\fileHashes)" [_thread_blocked, id=10652, stack(0x00000000383d0000,0x00000000384d0000)]
  0x000000001edb6000 JavaThread "Stdin handler" [_thread_blocked, id=15192, stack(0x00000000382d0000,0x00000000383d0000)]
  0x000000001edb8000 JavaThread "Asynchronous log dispatcher for DefaultDaemonConnection: socket connection from /127.0.0.1:57336 to /127.0.0.1:57705" [_thread_blocked, id=5596, stack(0x00000000381d0000,0x00000000382d0000)]
  0x000000001edb2000 JavaThread "Daemon worker Thread 3" [_thread_blocked, id=912, stack(0x00000000380d0000,0x00000000381d0000)]
  0x000000001edb5000 JavaThread "Cancel handler" [_thread_blocked, id=14348, stack(0x0000000037fd0000,0x00000000380d0000)]
  0x000000001bfb9000 JavaThread "Handler for socket connection from /127.0.0.1:57336 to /127.0.0.1:57705" [_thread_in_native, id=1324, stack(0x0000000037ed0000,0x0000000037fd0000)]
  0x000000001bfb8000 JavaThread "Daemon Thread 3" [_thread_blocked, id=7344, stack(0x0000000037dd0000,0x0000000037ed0000)]
  0x000000001c172800 JavaThread "Java2D Disposer" daemon [_thread_blocked, id=1612, stack(0x00000000279d0000,0x0000000027ad0000)]
  0x000000001c036000 JavaThread "Memory manager" [_thread_blocked, id=16160, stack(0x0000000023bb0000,0x0000000023cb0000)]
  0x000000001c02a000 JavaThread "File lock request listener" [_thread_in_native, id=14548, stack(0x000000001e570000,0x000000001e670000)]
  0x000000001bd5c800 JavaThread "Cache worker for file hash cache (C:\Users\Marty\.gradle\caches\4.4\fileHashes)" [_thread_blocked, id=11328, stack(0x000000001e470000,0x000000001e570000)]
  0x000000001bb04800 JavaThread "Daemon periodic checks" [_thread_blocked, id=19096, stack(0x000000001c9a0000,0x000000001caa0000)]
  0x000000001baff800 JavaThread "Incoming local TCP Connector on port 57336" [_thread_in_native, id=12604, stack(0x000000001c760000,0x000000001c860000)]
  0x000000001a478800 JavaThread "Service Thread" daemon [_thread_blocked, id=14112, stack(0x000000001a850000,0x000000001a950000)]
  0x00000000189f4800 JavaThread "C1 CompilerThread2" daemon [_thread_blocked, id=584, stack(0x000000001a350000,0x000000001a450000)]
  0x00000000189f0800 JavaThread "C2 CompilerThread1" daemon [_thread_in_native, id=4344, stack(0x000000001a250000,0x000000001a350000)]
=>0x00000000189eb800 JavaThread "C2 CompilerThread0" daemon [_thread_in_native, id=15820, stack(0x000000001a150000,0x000000001a250000)]
  0x00000000189ea000 JavaThread "Attach Listener" daemon [_thread_blocked, id=15668, stack(0x000000001a050000,0x000000001a150000)]
  0x00000000189e8800 JavaThread "Signal Dispatcher" daemon [_thread_blocked, id=17764, stack(0x0000000019f50000,0x000000001a050000)]
  0x000000000501c000 JavaThread "Finalizer" daemon [_thread_blocked, id=2560, stack(0x0000000019c60000,0x0000000019d60000)]
  0x0000000005011000 JavaThread "Reference Handler" daemon [_thread_blocked, id=8088, stack(0x0000000019b60000,0x0000000019c60000)]
  0x000000000507d800 JavaThread "main" [_thread_blocked, id=12524, stack(0x0000000004df0000,0x0000000004ef0000)]

Other Threads:
  0x00000000189b6800 VMThread [stack: 0x0000000019a60000,0x0000000019b60000] [id=15952]
  0x0000000018a4d000 WatcherThread [stack: 0x000000001a950000,0x000000001aa50000] [id=7996]

VM state:not at safepoint (normal execution)

VM Mutex/Monitor currently owned by a thread: None

Heap:
 PSYoungGen      total 443904K, used 21904K [0x00000000e0000000, 0x0000000100000000, 0x0000000100000000)
  eden space 397824K, 3% used [0x00000000e0000000,0x00000000e0dd5fe0,0x00000000f8480000)
  from space 46080K, 16% used [0x00000000fb180000,0x00000000fb90e380,0x00000000fde80000)
  to   space 46080K, 0% used [0x00000000f8480000,0x00000000f8480000,0x00000000fb180000)
 ParOldGen       total 219648K, used 76758K [0x00000000a0000000, 0x00000000ad680000, 0x00000000e0000000)
  object space 219648K, 34% used [0x00000000a0000000,0x00000000a4af5b20,0x00000000ad680000)
 Metaspace       used 92664K, capacity 98030K, committed 98816K, reserved 1134592K
  class space    used 11624K, capacity 12883K, committed 13056K, reserved 1048576K

Card table byte_map: [0x0000000014440000,0x0000000014750000] byte_map_base: 0x0000000013f40000

Marking Bits: (ParMarkBitMap*) 0x0000000057273950
 Begin Bits: [0x0000000014d50000, 0x0000000016550000)
 End Bits:   [0x0000000016550000, 0x0000000017d50000)

Polling page: 0x0000000003550000

CodeCache: size=245760Kb used=61822Kb max_used=61891Kb free=183937Kb
 bounds [0x0000000005080000, 0x0000000008d50000, 0x0000000014080000]
 total_blobs=18818 nmethods=17832 adapters=896
 compilation: enabled

Compilation events (10 events):
Event: 839.034 Thread 0x00000000189f4800 22164       1       com.android.tools.r8.ir.code.Cmp::isCommutative (2 bytes)
Event: 839.034 Thread 0x00000000189f4800 nmethod 22164 0x0000000005e4ce90 code [0x0000000005e4cfe0, 0x0000000005e4d0f0]
Event: 839.036 Thread 0x00000000189f4800 22163       2       com.android.tools.r8.ir.code.Unop::<init> (7 bytes)
Event: 839.036 Thread 0x00000000189f4800 nmethod 22163 0x00000000059e3a10 code [0x00000000059e3b80, 0x00000000059e3ce8]
Event: 839.040 Thread 0x00000000189f4800 22169       1       com.android.tools.r8.ir.code.Mul::isCommutative (2 bytes)
Event: 839.040 Thread 0x00000000189f4800 nmethod 22169 0x0000000006e53710 code [0x0000000006e53860, 0x0000000006e53970]
Event: 839.043 Thread 0x00000000189f4800 22170 %     3       java.util.IdentityHashMap$KeySpliterator::forEachRemaining @ 59 (112 bytes)
Event: 839.044 Thread 0x00000000189f4800 nmethod 22170% 0x0000000005f30450 code [0x0000000005f30640, 0x0000000005f30ef8]
Event: 839.046 Thread 0x00000000189f4800 22172       1       com.android.tools.r8.graph.EnclosingMethodAttribute::getEnclosingMethod (5 bytes)
Event: 839.047 Thread 0x00000000189f4800 nmethod 22172 0x0000000005db7e10 code [0x0000000005db7f60, 0x0000000005db8070]

GC Heap History (10 events):
Event: 625.076 GC heap before
{Heap before GC invocations=22 (full 3):
 PSYoungGen      total 387584K, used 386267K [0x00000000e0000000, 0x00000000fa100000, 0x0000000100000000)
  eden space 356352K, 99% used [0x00000000e0000000,0x00000000f5bd61a8,0x00000000f5c00000)
  from space 31232K, 96% used [0x00000000f7e80000,0x00000000f9be0c30,0x00000000f9d00000)
  to   space 35328K, 0% used [0x00000000f5c00000,0x00000000f5c00000,0x00000000f7e80000)
 ParOldGen       total 144384K, used 83778K [0x00000000a0000000, 0x00000000a8d00000, 0x00000000e0000000)
  object space 144384K, 58% used [0x00000000a0000000,0x00000000a51d0ba8,0x00000000a8d00000)
 Metaspace       used 77713K, capacity 82130K, committed 82304K, reserved 1120256K
  class space    used 9904K, capacity 11028K, committed 11136K, reserved 1048576K
Event: 625.135 GC heap after
Heap after GC invocations=22 (full 3):
 PSYoungGen      total 391680K, used 35316K [0x00000000e0000000, 0x00000000fc400000, 0x0000000100000000)
  eden space 356352K, 0% used [0x00000000e0000000,0x00000000e0000000,0x00000000f5c00000)
  from space 35328K, 99% used [0x00000000f5c00000,0x00000000f7e7d200,0x00000000f7e80000)
  to   space 41984K, 0% used [0x00000000f9b00000,0x00000000f9b00000,0x00000000fc400000)
 ParOldGen       total 144384K, used 87460K [0x00000000a0000000, 0x00000000a8d00000, 0x00000000e0000000)
  object space 144384K, 60% used [0x00000000a0000000,0x00000000a55690c0,0x00000000a8d00000)
 Metaspace       used 77713K, capacity 82130K, committed 82304K, reserved 1120256K
  class space    used 9904K, capacity 11028K, committed 11136K, reserved 1048576K
}
Event: 834.471 GC heap before
{Heap before GC invocations=23 (full 3):
 PSYoungGen      total 391680K, used 391668K [0x00000000e0000000, 0x00000000fc400000, 0x0000000100000000)
  eden space 356352K, 100% used [0x00000000e0000000,0x00000000f5c00000,0x00000000f5c00000)
  from space 35328K, 99% used [0x00000000f5c00000,0x00000000f7e7d200,0x00000000f7e80000)
  to   space 41984K, 0% used [0x00000000f9b00000,0x00000000f9b00000,0x00000000fc400000)
 ParOldGen       total 144384K, used 87460K [0x00000000a0000000, 0x00000000a8d00000, 0x00000000e0000000)
  object space 144384K, 60% used [0x00000000a0000000,0x00000000a55690c0,0x00000000a8d00000)
 Metaspace       used 90859K, capacity 96240K, committed 96384K, reserved 1132544K
  class space    used 11549K, capacity 12873K, committed 12928K, reserved 1048576K
Event: 834.559 GC heap after
Heap after GC invocations=23 (full 3):
 PSYoungGen      total 377344K, used 34521K [0x00000000e0000000, 0x00000000fbd00000, 0x0000000100000000)
  eden space 342528K, 0% used [0x00000000e0000000,0x00000000e0000000,0x00000000f4e80000)
  from space 34816K, 99% used [0x00000000f9b00000,0x00000000fbcb6420,0x00000000fbd00000)
  to   space 45568K, 0% used [0x00000000f6400000,0x00000000f6400000,0x00000000f9080000)
 ParOldGen       total 144384K, used 93055K [0x00000000a0000000, 0x00000000a8d00000, 0x00000000e0000000)
  object space 144384K, 64% used [0x00000000a0000000,0x00000000a5adff10,0x00000000a8d00000)
 Metaspace       used 90859K, capacity 96240K, committed 96384K, reserved 1132544K
  class space    used 11549K, capacity 12873K, committed 12928K, reserved 1048576K
}
Event: 836.335 GC heap before
{Heap before GC invocations=24 (full 3):
 PSYoungGen      total 377344K, used 231938K [0x00000000e0000000, 0x00000000fbd00000, 0x0000000100000000)
  eden space 342528K, 57% used [0x00000000e0000000,0x00000000ec0ca4a8,0x00000000f4e80000)
  from space 34816K, 99% used [0x00000000f9b00000,0x00000000fbcb6420,0x00000000fbd00000)
  to   space 45568K, 0% used [0x00000000f6400000,0x00000000f6400000,0x00000000f9080000)
 ParOldGen       total 144384K, used 93055K [0x00000000a0000000, 0x00000000a8d00000, 0x00000000e0000000)
  object space 144384K, 64% used [0x00000000a0000000,0x00000000a5adff10,0x00000000a8d00000)
 Metaspace       used 92608K, capacity 98250K, committed 98304K, reserved 1134592K
  class space    used 11708K, capacity 13042K, committed 13056K, reserved 1048576K
Event: 836.402 GC heap after
Heap after GC invocations=24 (full 3):
 PSYoungGen      total 410112K, used 28654K [0x00000000e0000000, 0x00000000fde80000, 0x0000000100000000)
  eden space 364544K, 0% used [0x00000000e0000000,0x00000000e0000000,0x00000000f6400000)
  from space 45568K, 62% used [0x00000000f6400000,0x00000000f7ffbb38,0x00000000f9080000)
  to   space 46080K, 0% used [0x00000000fb180000,0x00000000fb180000,0x00000000fde80000)
 ParOldGen       total 144384K, used 93063K [0x00000000a0000000, 0x00000000a8d00000, 0x00000000e0000000)
  object space 144384K, 64% used [0x00000000a0000000,0x00000000a5ae1f10,0x00000000a8d00000)
 Metaspace       used 92608K, capacity 98250K, committed 98304K, reserved 1134592K
  class space    used 11708K, capacity 13042K, committed 13056K, reserved 1048576K
}
Event: 836.402 GC heap before
{Heap before GC invocations=25 (full 4):
 PSYoungGen      total 410112K, used 28654K [0x00000000e0000000, 0x00000000fde80000, 0x0000000100000000)
  eden space 364544K, 0% used [0x00000000e0000000,0x00000000e0000000,0x00000000f6400000)
  from space 45568K, 62% used [0x00000000f6400000,0x00000000f7ffbb38,0x00000000f9080000)
  to   space 46080K, 0% used [0x00000000fb180000,0x00000000fb180000,0x00000000fde80000)
 ParOldGen       total 144384K, used 93063K [0x00000000a0000000, 0x00000000a8d00000, 0x00000000e0000000)
  object space 144384K, 64% used [0x00000000a0000000,0x00000000a5ae1f10,0x00000000a8d00000)
 Metaspace       used 92608K, capacity 98250K, committed 98304K, reserved 1134592K
  class space    used 11708K, capacity 13042K, committed 13056K, reserved 1048576K
Event: 836.812 GC heap after
Heap after GC invocations=25 (full 4):
 PSYoungGen      total 410112K, used 0K [0x00000000e0000000, 0x00000000fde80000, 0x0000000100000000)
  eden space 364544K, 0% used [0x00000000e0000000,0x00000000e0000000,0x00000000f6400000)
  from space 45568K, 0% used [0x00000000f6400000,0x00000000f6400000,0x00000000f9080000)
  to   space 46080K, 0% used [0x00000000fb180000,0x00000000fb180000,0x00000000fde80000)
 ParOldGen       total 219648K, used 76750K [0x00000000a0000000, 0x00000000ad680000, 0x00000000e0000000)
  object space 219648K, 34% used [0x00000000a0000000,0x00000000a4af3b20,0x00000000ad680000)
 Metaspace       used 92305K, capacity 97548K, committed 98304K, reserved 1134592K
  class space    used 11605K, capacity 12848K, committed 13056K, reserved 1048576K
}
Event: 838.974 GC heap before
{Heap before GC invocations=26 (full 4):
 PSYoungGen      total 410112K, used 364544K [0x00000000e0000000, 0x00000000fde80000, 0x0000000100000000)
  eden space 364544K, 100% used [0x00000000e0000000,0x00000000f6400000,0x00000000f6400000)
  from space 45568K, 0% used [0x00000000f6400000,0x00000000f6400000,0x00000000f9080000)
  to   space 46080K, 0% used [0x00000000fb180000,0x00000000fb180000,0x00000000fde80000)
 ParOldGen       total 219648K, used 76750K [0x00000000a0000000, 0x00000000ad680000, 0x00000000e0000000)
  object space 219648K, 34% used [0x00000000a0000000,0x00000000a4af3b20,0x00000000ad680000)
 Metaspace       used 92655K, capacity 98030K, committed 98816K, reserved 1134592K
  class space    used 11624K, capacity 12883K, committed 13056K, reserved 1048576K
Event: 838.999 GC heap after
Heap after GC invocations=26 (full 4):
 PSYoungGen      total 443904K, used 7736K [0x00000000e0000000, 0x0000000100000000, 0x0000000100000000)
  eden space 397824K, 0% used [0x00000000e0000000,0x00000000e0000000,0x00000000f8480000)
  from space 46080K, 16% used [0x00000000fb180000,0x00000000fb90e380,0x00000000fde80000)
  to   space 46080K, 0% used [0x00000000f8480000,0x00000000f8480000,0x00000000fb180000)
 ParOldGen       total 219648K, used 76758K [0x00000000a0000000, 0x00000000ad680000, 0x00000000e0000000)
  object space 219648K, 34% used [0x00000000a0000000,0x00000000a4af5b20,0x00000000ad680000)
 Metaspace       used 92655K, capacity 98030K, committed 98816K, reserved 1134592K
  class space    used 11624K, capacity 12883K, committed 13056K, reserved 1048576K
}

Deoptimization events (10 events):
Event: 837.673 Thread 0x000000001c176000 Uncommon trap: reason=unstable_if action=reinterpret pc=0x0000000008baf218 method=com.android.tools.r8.ir.regalloc.LinearScanRegisterAllocator.useRegisterHint(Lcom/android/tools/r8/ir/regalloc/LiveIntervals;ILcom/android/tools/r8/ir/regalloc/RegisterPosit
Event: 837.708 Thread 0x000000001c170000 Uncommon trap: reason=unstable_if action=reinterpret pc=0x00000000068da998 method=java.util.ArrayList.remove(Ljava/lang/Object;)Z @ 46
Event: 837.951 Thread 0x000000001c171000 Uncommon trap: reason=unstable_if action=reinterpret pc=0x00000000087ed15c method=java.util.TimSort.countRunAndMakeAscending([Ljava/lang/Object;IILjava/util/Comparator;)I @ 27
Event: 838.210 Thread 0x000000001c174000 Uncommon trap: reason=unstable_if action=reinterpret pc=0x00000000051a6c8c method=java.util.Arrays.equals([Ljava/lang/Object;[Ljava/lang/Object;)Z @ 47
Event: 838.502 Thread 0x000000001c16f800 Uncommon trap: reason=class_check action=maybe_recompile pc=0x00000000085d4264 method=com.android.apkzlib.zip.ZipField.checkVerifiesInvariants(J)V @ 25
Event: 838.658 Thread 0x000000001c16e000 Uncommon trap: reason=array_check action=maybe_recompile pc=0x0000000008cbf8f8 method=java.util.TimSort.binarySort([Ljava/lang/Object;IIILjava/util/Comparator;)V @ 193
Event: 838.658 Thread 0x000000001c16e000 Uncommon trap: reason=array_check action=maybe_recompile pc=0x0000000008cbf8f8 method=java.util.TimSort.binarySort([Ljava/lang/Object;IIILjava/util/Comparator;)V @ 193
Event: 838.804 Thread 0x000000001c176000 Uncommon trap: reason=unstable_if action=reinterpret pc=0x0000000007d2bdbc method=java.lang.Long.numberOfTrailingZeros(J)I @ 3
Event: 838.834 Thread 0x000000001c171000 Uncommon trap: reason=class_check action=maybe_recompile pc=0x00000000085d4264 method=com.android.apkzlib.zip.ZipField.checkVerifiesInvariants(J)V @ 25
Event: 838.840 Thread 0x000000001c16d000 Uncommon trap: reason=class_check action=maybe_recompile pc=0x00000000085d4264 method=com.android.apkzlib.zip.ZipField.checkVerifiesInvariants(J)V @ 25

Classes redefined (0 events):
No events

Internal exceptions (10 events):
Event: 833.023 Thread 0x000000001edbe000 Exception <a 'sun/nio/fs/WindowsException'> (0x00000000f0892030) thrown at [D:\src\AOSP-openjdk-cygwin\jdk8u\hotspot\src\share\vm\prims\jni.cpp, line 709]
Event: 833.023 Thread 0x000000001edbe000 Exception <a 'sun/nio/fs/WindowsException'> (0x00000000f0892b80) thrown at [D:\src\AOSP-openjdk-cygwin\jdk8u\hotspot\src\share\vm\prims\jni.cpp, line 709]
Event: 833.023 Thread 0x000000001edbe000 Exception <a 'sun/nio/fs/WindowsException'> (0x00000000f08940e8) thrown at [D:\src\AOSP-openjdk-cygwin\jdk8u\hotspot\src\share\vm\prims\jni.cpp, line 709]
Event: 833.072 Thread 0x000000001edbe000 Exception <a 'sun/nio/fs/WindowsException'> (0x00000000f094af30) thrown at [D:\src\AOSP-openjdk-cygwin\jdk8u\hotspot\src\share\vm\prims\jni.cpp, line 709]
Event: 833.073 Thread 0x000000001edbe000 Exception <a 'sun/nio/fs/WindowsException'> (0x00000000f094ba80) thrown at [D:\src\AOSP-openjdk-cygwin\jdk8u\hotspot\src\share\vm\prims\jni.cpp, line 709]
Event: 833.076 Thread 0x000000001edbe000 Exception <a 'sun/nio/fs/WindowsException'> (0x00000000f094cfe8) thrown at [D:\src\AOSP-openjdk-cygwin\jdk8u\hotspot\src\share\vm\prims\jni.cpp, line 709]
Event: 833.087 Thread 0x000000001edbe000 Exception <a 'sun/nio/fs/WindowsException'> (0x00000000f12fdd90) thrown at [D:\src\AOSP-openjdk-cygwin\jdk8u\hotspot\src\share\vm\prims\jni.cpp, line 709]
Event: 833.087 Thread 0x000000001edbe000 Exception <a 'sun/nio/fs/WindowsException'> (0x00000000f12fe8e0) thrown at [D:\src\AOSP-openjdk-cygwin\jdk8u\hotspot\src\share\vm\prims\jni.cpp, line 709]
Event: 833.087 Thread 0x000000001edbe000 Exception <a 'sun/nio/fs/WindowsException'> (0x00000000f12ffe48) thrown at [D:\src\AOSP-openjdk-cygwin\jdk8u\hotspot\src\share\vm\prims\jni.cpp, line 709]
Event: 834.380 Thread 0x000000001c174000 Implicit null exception at 0x00000000087dd11c to 0x00000000087dd171

Events (10 events):
Event: 839.048 Thread 0x00000000189f4800 flushing nmethod 0x00000000087d8850
Event: 839.048 Thread 0x00000000189f4800 flushing nmethod 0x00000000087dd550
Event: 839.049 Thread 0x00000000189f4800 flushing nmethod 0x00000000087f6350
Event: 839.049 Thread 0x00000000189f4800 flushing nmethod 0x00000000088061d0
Event: 839.049 Thread 0x00000000189f4800 flushing nmethod 0x0000000008806a50
Event: 839.049 Thread 0x00000000189f4800 flushing nmethod 0x0000000008808350
Event: 839.049 Thread 0x00000000189f4800 flushing nmethod 0x0000000008825550
Event: 839.049 Thread 0x00000000189f4800 flushing nmethod 0x0000000008877710
Event: 839.049 Thread 0x00000000189f4800 flushing nmethod 0x0000000008878b50
Event: 839.049 Thread 0x00000000189f4800 flushing nmethod 0x000000000887d5d0


Dynamic libraries:
0x00007ff78be70000 - 0x00007ff78bea1000 	C:\Program Files\Android\Android Studio\jre\bin\java.exe
0x00007fff11bd0000 - 0x00007fff11db0000 	C:\WINDOWS\SYSTEM32\ntdll.dll
0x00007fff0f2c0000 - 0x00007fff0f36e000 	C:\WINDOWS\System32\KERNEL32.DLL
0x00007fff0dfd0000 - 0x00007fff0e236000 	C:\WINDOWS\System32\KERNELBASE.dll
0x00007fff10f40000 - 0x00007fff10fe1000 	C:\WINDOWS\System32\ADVAPI32.dll
0x00007fff111a0000 - 0x00007fff1123d000 	C:\WINDOWS\System32\msvcrt.dll
0x00007fff0f410000 - 0x00007fff0f46b000 	C:\WINDOWS\System32\sechost.dll
0x00007fff10e00000 - 0x00007fff10f1f000 	C:\WINDOWS\System32\RPCRT4.dll
0x00007fff10c70000 - 0x00007fff10dff000 	C:\WINDOWS\System32\USER32.dll
0x00007fff0e930000 - 0x00007fff0e950000 	C:\WINDOWS\System32\win32u.dll
0x00007fff11700000 - 0x00007fff11728000 	C:\WINDOWS\System32\GDI32.dll
0x00007fff0e6e0000 - 0x00007fff0e873000 	C:\WINDOWS\System32\gdi32full.dll
0x00007fff0e2a0000 - 0x00007fff0e33b000 	C:\WINDOWS\System32\msvcp_win.dll
0x00007fff0e390000 - 0x00007fff0e486000 	C:\WINDOWS\System32\ucrtbase.dll
0x00007ffefb990000 - 0x00007ffefbbf9000 	C:\WINDOWS\WinSxS\amd64_microsoft.windows.common-controls_6595b64144ccf1df_6.0.16299.431_none_15c7d3ee93659e73\COMCTL32.dll
0x00007fff11240000 - 0x00007fff11548000 	C:\WINDOWS\System32\combase.dll
0x00007fff0e490000 - 0x00007fff0e502000 	C:\WINDOWS\System32\bcryptPrimitives.dll
0x00007fff0f370000 - 0x00007fff0f39d000 	C:\WINDOWS\System32\IMM32.DLL
0x00000000569d0000 - 0x0000000056aa2000 	C:\Program Files\Android\Android Studio\jre\jre\bin\msvcr100.dll
0x0000000056ab0000 - 0x00000000572ee000 	C:\Program Files\Android\Android Studio\jre\jre\bin\server\jvm.dll
0x00007fff11b90000 - 0x00007fff11b98000 	C:\WINDOWS\System32\PSAPI.DLL
0x00007fff019e0000 - 0x00007fff01a03000 	C:\WINDOWS\SYSTEM32\WINMM.dll
0x00007fff032f0000 - 0x00007fff032fa000 	C:\WINDOWS\SYSTEM32\VERSION.dll
0x00007ffef7f10000 - 0x00007ffef7f19000 	C:\WINDOWS\SYSTEM32\WSOCK32.dll
0x00007fff0f3a0000 - 0x00007fff0f40c000 	C:\WINDOWS\System32\WS2_32.dll
0x00007fff01710000 - 0x00007fff0173a000 	C:\WINDOWS\SYSTEM32\WINMMBASE.dll
0x00007fff0e340000 - 0x00007fff0e38a000 	C:\WINDOWS\System32\cfgmgr32.dll
0x00007fff08f90000 - 0x00007fff08f9f000 	C:\Program Files\Android\Android Studio\jre\jre\bin\verify.dll
0x00007fff08f60000 - 0x00007fff08f89000 	C:\Program Files\Android\Android Studio\jre\jre\bin\java.dll
0x00007fff05c60000 - 0x00007fff05c76000 	C:\Program Files\Android\Android Studio\jre\jre\bin\zip.dll
0x00007fff0f830000 - 0x00007fff10c68000 	C:\WINDOWS\System32\SHELL32.dll
0x00007fff0f780000 - 0x00007fff0f826000 	C:\WINDOWS\System32\shcore.dll
0x00007fff0e950000 - 0x00007fff0f097000 	C:\WINDOWS\System32\windows.storage.dll
0x00007fff0f4d0000 - 0x00007fff0f521000 	C:\WINDOWS\System32\shlwapi.dll
0x00007fff0df40000 - 0x00007fff0df51000 	C:\WINDOWS\System32\kernel.appcore.dll
0x00007fff0df80000 - 0x00007fff0dfcc000 	C:\WINDOWS\System32\powrprof.dll
0x00007fff0df60000 - 0x00007fff0df7b000 	C:\WINDOWS\System32\profapi.dll
0x00007fff05310000 - 0x00007fff0532a000 	C:\Program Files\Android\Android Studio\jre\jre\bin\net.dll
0x00007fff0d7b0000 - 0x00007fff0d816000 	C:\WINDOWS\system32\mswsock.dll
0x00007ffefbc30000 - 0x00007ffefbc41000 	C:\Program Files\Android\Android Studio\jre\jre\bin\nio.dll
0x00007fff048a0000 - 0x00007fff048be000 	C:\Users\Marty\.gradle\native\25\windows-amd64\native-platform.dll
0x00007fff081b0000 - 0x00007fff081bd000 	C:\Program Files\Android\Android Studio\jre\jre\bin\management.dll
0x00007fff0d980000 - 0x00007fff0d997000 	C:\WINDOWS\SYSTEM32\CRYPTSP.dll
0x00007fff0d350000 - 0x00007fff0d383000 	C:\WINDOWS\system32\rsaenh.dll
0x00007fff0da80000 - 0x00007fff0daa5000 	C:\WINDOWS\SYSTEM32\bcrypt.dll
0x00007fff0de50000 - 0x00007fff0de79000 	C:\WINDOWS\SYSTEM32\USERENV.dll
0x00007fff0d970000 - 0x00007fff0d97b000 	C:\WINDOWS\SYSTEM32\CRYPTBASE.dll
0x00007fff0d540000 - 0x00007fff0d579000 	C:\WINDOWS\SYSTEM32\IPHLPAPI.DLL
0x00007fff0f6a0000 - 0x00007fff0f6a8000 	C:\WINDOWS\System32\NSI.dll
0x00007fff07570000 - 0x00007fff07586000 	C:\WINDOWS\SYSTEM32\dhcpcsvc6.DLL
0x00007fff07bd0000 - 0x00007fff07bea000 	C:\WINDOWS\SYSTEM32\dhcpcsvc.DLL
0x00007ffef6970000 - 0x00007ffef6994000 	C:\Program Files\Android\Android Studio\jre\jre\bin\sunec.dll
0x00007fff0d580000 - 0x00007fff0d636000 	C:\WINDOWS\SYSTEM32\DNSAPI.dll
0x00007fff05ac0000 - 0x00007fff05aca000 	C:\Windows\System32\rasadhlp.dll
0x00007fff05340000 - 0x00007fff053b0000 	C:\WINDOWS\System32\fwpuclnt.dll
0x00007fff012c0000 - 0x00007fff012cb000 	C:\Program Files\Android\Android Studio\jre\jre\bin\sunmscapi.dll
0x00007fff0e510000 - 0x00007fff0e6de000 	C:\WINDOWS\System32\CRYPT32.dll
0x00007fff0df20000 - 0x00007fff0df32000 	C:\WINDOWS\System32\MSASN1.dll
0x00007ffee3b20000 - 0x00007ffee3cb5000 	C:\Program Files\Android\Android Studio\jre\jre\bin\awt.dll
0x00007fff0f6b0000 - 0x00007fff0f775000 	C:\WINDOWS\System32\OLEAUT32.dll
0x00007fff0ac00000 - 0x00007fff0b1b8000 	C:\WINDOWS\SYSTEM32\d2d1.dll
0x00007fff0bdd0000 - 0x00007fff0be58000 	C:\WINDOWS\SYSTEM32\apphelp.dll
0x00007fff0c200000 - 0x00007fff0c22a000 	C:\WINDOWS\system32\DWMAPI.DLL
0x00007fff0c0f0000 - 0x00007fff0c185000 	C:\WINDOWS\system32\uxtheme.dll

VM Arguments:
jvm_args: -Xmx1536m -Dfile.encoding=windows-1252 -Duser.country=US -Duser.language=en -Duser.variant 
java_command: org.gradle.launcher.daemon.bootstrap.GradleDaemon 4.4
java_class_path (initial): C:\Users\Marty\.gradle\wrapper\dists\gradle-4.4-all\9br9xq1tocpiv8o6njlyu5op1\gradle-4.4\lib\gradle-launcher-4.4.jar
Launcher Type: SUN_STANDARD

Environment Variables:
JAVA_HOME=C:\Program Files\Java\jdk1.8.0_51
PATH=C:\Python34\;C:\Python34\Scripts;C:\ProgramData\Oracle\Java\javapath;C:\WINDOWS\system32;C:\WINDOWS;C:\WINDOWS\System32\Wbem;\System32\WindowsPowerShell\v1.0\;c:\ant\bin;C:\adb;C:\WINDOWS\system32;C:\WINDOWS;C:\WINDOWS\System32\Wbem;C:\WINDOWS\System32\WindowsPowerShell\v1.0\;C:\Program Files (x86)\Windows Live\Shared;c:\program files (x86)\git\bin_DELETETHISENDINGTEXT;C:\Program Files\Git2.16.2\cmd;c:\program files\git2.16.2\bin;C:\Users\Marty\AppData\Local\Microsoft\WindowsApps;C:\Program Files\smartmontools\bin
USERNAME=Marty
OS=Windows_NT
PROCESSOR_IDENTIFIER=Intel64 Family 6 Model 69 Stepping 1, GenuineIntel



---------------  S Y S T E M  ---------------

OS: Windows 10.0 , 64 bit Build 16299 (10.0.16299.431)

CPU:total 4 (initial active 4) (2 cores per cpu, 2 threads per core) family 6 model 69 stepping 1, cmov, cx8, fxsr, mmx, sse, sse2, sse3, ssse3, sse4.1, sse4.2, popcnt, avx, avx2, aes, clmul, erms, lzcnt, ht, tsc, tscinvbit, bmi1, bmi2

Memory: 4k page, physical 8291408k(743964k free), swap 8291408k(3888k free)

vm_info: OpenJDK 64-Bit Server VM (25.152-b01) for windows-amd64 JRE (1.8.0_152-release-915-b01), built by "builder" with MS VC++ 10.0 (VS2010)

time: Sun Jul 22 11:29:03 2018
elapsed time: 839 seconds (0d 0h 13m 59s)

